Arguments: 
  /Users/cole/.nvm/versions/node/v12.10.0/bin/node /usr/local/Cellar/yarn/1.19.0/libexec/bin/yarn.js add -D @types/rxjs

PATH: 
  /Users/cole/.asdf/shims:/usr/local/opt/asdf/bin:/usr/local/opt/jpeg-turbo/bin:/bin:/Users/cole/.deno/bin:/Users/cole/.nvm/versions/node/v12.10.0/bin:/Users/cole/.rbenv/shims:/Users/cole/.cargo/bin:/usr/local/bin:/usr/bin:/bin:/usr/sbin:/sbin:/usr/local/go/bin:/usr/local/MacGPG2/bin:/usr/local/share/dotnet:~/.dotnet/tools:/Library/Frameworks/Mono.framework/Versions/Current/Commands:/usr/local/opt/jpeg-turbo/bin:/Users/cole/.deno/bin:/Users/cole/.nvm/versions/node/v12.10.0/bin:/Users/cole/.rbenv/shims:/Users/cole/.cargo/bin:/Users/cole/bin:/Users/cole/dev/flutter/bin:/Users/cole/.dotnet/tools:/Users/cole/go/bin:/Library/Frameworks/Python.framework/Versions/3.7/bin/:/Users/cole/bin:/Users/cole/dev/flutter/bin:/Users/cole/.dotnet/tools:/usr/local/go/bin:/Users/cole/go/bin:/Library/Frameworks/Python.framework/Versions/3.7/bin/:/Users/cole/bin

Yarn version: 
  1.19.0

Node version: 
  12.10.0

Platform: 
  darwin x64

Trace: 
  Error: https://registry.yarnpkg.com/@types%2frxjs: Not found
      at Request.params.callback [as _callback] (/usr/local/Cellar/yarn/1.19.0/libexec/lib/cli.js:66918:18)
      at Request.self.callback (/usr/local/Cellar/yarn/1.19.0/libexec/lib/cli.js:140539:22)
      at Request.emit (events.js:209:13)
      at Request.<anonymous> (/usr/local/Cellar/yarn/1.19.0/libexec/lib/cli.js:141511:10)
      at Request.emit (events.js:209:13)
      at IncomingMessage.<anonymous> (/usr/local/Cellar/yarn/1.19.0/libexec/lib/cli.js:141433:12)
      at Object.onceWrapper (events.js:298:28)
      at IncomingMessage.emit (events.js:214:15)
      at endReadableNT (_stream_readable.js:1178:12)
      at processTicksAndRejections (internal/process/task_queues.js:80:21)

npm manifest: 
  {
    "name": "hmmsx",
    "description": "Experimental DOM JSX library",
    "license": "MIT",
    "version": "0.0.1",
    "scripts": {
      "build": "yarn clean && yarn build-dist",
      "clean": "rm -f *.d.ts *.js *.map spring/* react/* preact/* jest/*",
      "build-dist": "tsc --outDir ./"
    },
    "main": "index.js",
    "devDependencies": {
      "@most/core": "^1.5.0",
      "@most/scheduler": "^1.2.3",
      "typescript": "^3.7.2"
    },
    "dependencies": {
      "rxjs": "^7.0.0-alpha.0"
    }
  }

yarn manifest: 
  No manifest

Lockfile: 
  # THIS IS AN AUTOGENERATED FILE. DO NOT EDIT THIS FILE DIRECTLY.
  # yarn lockfile v1
  
  
  "@most/core@^1.5.0":
    version "1.5.0"
    resolved "https://registry.yarnpkg.com/@most/core/-/core-1.5.0.tgz#b36b3620724e37ac3552659c1d71948958beb345"
    integrity sha512-cI8KTkjaipRVQvf4vrwhqNtY7cTzF9YaI85TU6mHEgjRMeTSS9qgBv6z6wXUePgnbwf11uVgSERZ8PZRDPE2HA==
    dependencies:
      "@most/disposable" "^1.2.2"
      "@most/prelude" "^1.7.3"
      "@most/scheduler" "^1.2.3"
      "@most/types" "^1.0.2"
  
  "@most/disposable@^1.2.2":
    version "1.2.2"
    resolved "https://registry.yarnpkg.com/@most/disposable/-/disposable-1.2.2.tgz#1f9dfcc1b9d73165436eee34ddedc2e70d7be695"
    integrity sha512-05u3obo0sDuh1PGw1BS6VEhgJTLkPMyGHOAvSJMSk2tArgBvhMvjayl8fU4DEKO7r+3aTg7F9Stnr1T61578yQ==
    dependencies:
      "@most/prelude" "^1.7.3"
      "@most/types" "^1.0.2"
  
  "@most/prelude@^1.7.3":
    version "1.7.3"
    resolved "https://registry.yarnpkg.com/@most/prelude/-/prelude-1.7.3.tgz#51db3f3ba3ed65431b6eea89ecb0a31826af640c"
    integrity sha512-qWWEnA22UP1lzFfKx75XMut6DUUXGRKe7qv2k+Bgs7ju8lwb5RjsZYyQZ+VcsYvHcIavHKzseLlBMLOe2CvUZw==
  
  "@most/scheduler@^1.2.3":
    version "1.2.3"
    resolved "https://registry.yarnpkg.com/@most/scheduler/-/scheduler-1.2.3.tgz#7cb97904a23bbfcb2664c60ea4fe047d7b5572f7"
    integrity sha512-OpykYNwUIe7/InAs0ftSIkQULJajM6ghmYDeJ0yv9xcLmi5NyAtOOyUdIxlfqi7xHWRiD2iQuuJXHGyqFsKCsw==
    dependencies:
      "@most/prelude" "^1.7.3"
      "@most/types" "^1.0.2"
  
  "@most/types@^1.0.2":
    version "1.0.2"
    resolved "https://registry.yarnpkg.com/@most/types/-/types-1.0.2.tgz#a272c919a3dafe942bd02d63402f0548593af870"
    integrity sha512-ZVkDwaiuGVTXywADeJ3aUBsD41UURldIljlsSTMdiWfhVEOY7dsY8iq+9wFUjRZYjhnpn9tLiOHaqyjbxm1prg==
  
  rxjs@^7.0.0-alpha.0:
    version "7.0.0-alpha.0"
    resolved "https://registry.yarnpkg.com/rxjs/-/rxjs-7.0.0-alpha.0.tgz#8123daf3a9fa994536ca0089dbc448f7cde98403"
    integrity sha512-dX5CjwuWIuo4uHI5u1ou8w/2qMZyt025qiLoiYgSoYKiLS4czmJhSlptXGUi/2KAVJlHpMHiKNyhnVODg68xVw==
    dependencies:
      tslib "^1.9.0"
  
  tslib@^1.9.0:
    version "1.10.0"
    resolved "https://registry.yarnpkg.com/tslib/-/tslib-1.10.0.tgz#c3c19f95973fb0a62973fb09d90d961ee43e5c8a"
    integrity sha512-qOebF53frne81cf0S9B41ByenJ3/IuH8yJKngAX35CmiZySA0khhkovshKK+jGCaMnVomla7gVlIcc3EvKPbTQ==
  
  typescript@^3.7.2:
    version "3.7.2"
    resolved "https://registry.yarnpkg.com/typescript/-/typescript-3.7.2.tgz#27e489b95fa5909445e9fef5ee48d81697ad18fb"
    integrity sha512-ml7V7JfiN2Xwvcer+XAf2csGO1bPBdRbFCkYBczNZggrBZ9c7G3riSUeJmqEU5uOtXNPMhE3n+R4FA/3YOAWOQ==
